-------------------------------------------------------------------------------
Test set: ai.iamneo.testing.Testing_Selenium_TestNg.AppTest
-------------------------------------------------------------------------------
Tests run: 2, Failures: 1, Errors: 0, Skipped: 0, Time elapsed: 10.972 s <<< FAILURE! - in ai.iamneo.testing.Testing_Selenium_TestNg.AppTest
iamNeo(ai.iamneo.testing.Testing_Selenium_TestNg.AppTest)  Time elapsed: 2.918 s  <<< FAILURE!
org.openqa.selenium.NoSuchElementException: 
no such element: Unable to locate element: {"method":"xpath","selector":"//*[@id="container"]/div/div[1]/div/div/div/div/div[1]/div/div[1]/div/div[1]/header/div[2]/div[2]/div/div/div/a"}
  (Session info: chrome=114.0.5735.133)
For documentation on this error, please visit: https://www.seleniumhq.org/exceptions/no_such_element.html
Build info: version: '3.141.59', revision: 'e82be7d358', time: '2018-11-14T08:17:03'
System info: host: 'bbbaafeecafddfddddfcafbccaefccb-0', ip: '10.56.102.3', os.name: 'Linux', os.arch: 'amd64', os.version: '5.10.162+', java.version: '11.0.18'
Driver info: org.openqa.selenium.remote.RemoteWebDriver
Capabilities {acceptInsecureCerts: false, browserName: chrome, browserVersion: 114.0.5735.133, chrome: {chromedriverVersion: 114.0.5735.90 (386bc09e8f4f..., userDataDir: /tmp/.com.google.Chrome.7QZuo1}, goog:chromeOptions: {debuggerAddress: localhost:34009}, javascriptEnabled: true, networkConnectionEnabled: false, pageLoadStrategy: normal, platform: LINUX, platformName: LINUX, proxy: Proxy(), se:bidiEnabled: false, se:cdp: ws://10.56.102.3:4444/sessi..., se:cdpVersion: 114.0.5735.133, se:vnc: ws://10.56.102.3:4444/sessi..., se:vncEnabled: true, se:vncLocalAddress: ws://10.56.102.3:7900, setWindowRect: true, strictFileInteractability: false, timeouts: {implicit: 0, pageLoad: 300000, script: 30000}, unhandledPromptBehavior: dismiss and notify, webauthn:extension:credBlob: true, webauthn:extension:largeBlob: true, webauthn:extension:minPinLength: true, webauthn:extension:prf: true, webauthn:virtualAuthenticators: true}
Session ID: 8f29d3854634645cd6cfa80b11488040
*** Element info: {Using=xpath, value=//*[@id="container"]/div/div[1]/div/div/div/div/div[1]/div/div[1]/div/div[1]/header/div[2]/div[2]/div/div/div/a}
	at ai.iamneo.testing.Testing_Selenium_TestNg.AppTest.iamNeo(AppTest.java:31)

