-------------------------------------------------------------------------------
Test set: TestSuite
-------------------------------------------------------------------------------
Tests run: 2, Failures: 2, Errors: 0, Skipped: 0, Time elapsed: 2.553 s <<< FAILURE! - in TestSuite
ai.iamneo.testing.Testing_Selenium_TestNg.AppTest.NextPage  Time elapsed: 0.012 s  <<< FAILURE!
java.lang.NullPointerException
	at ai.iamneo.testing.Testing_Selenium_TestNg.AppTest.NextPage(AppTest.java:41)

ai.iamneo.testing.Testing_Selenium_TestNg.AppTest.beforeTest  Time elapsed: 1.763 s  <<< FAILURE!
org.openqa.selenium.SessionNotCreatedException: 
Could not start a new session. Response code 500. Message: unknown error: cannot find Chrome binary
Build info: version: '4.1.0', revision: '87802e897b'
System info: host: 'bbbaafeecafddfddddfcafbccaefccb-0', ip: '10.56.52.9', os.name: 'Linux', os.arch: 'amd64', os.version: '5.10.162+', java.version: '11.0.18'
Driver info: org.openqa.selenium.chrome.ChromeDriver
Command: [null, newSession {capabilities=[Capabilities {browserName: chrome, goog:chromeOptions: {args: [], extensions: []}}], desiredCapabilities=Capabilities {browserName: chrome, goog:chromeOptions: {args: [], extensions: []}}}]
	at ai.iamneo.testing.Testing_Selenium_TestNg.AppTest.beforeTest(AppTest.java:25)

