<?xml version="1.0" encoding="UTF-8"?>
<testsuite xmlns:xsi="http://www.w3.org/2001/XMLSchema-instance" xsi:noNamespaceSchemaLocation="https://maven.apache.org/surefire/maven-surefire-plugin/xsd/surefire-test-report.xsd" name="ai.iamneo.testing.Testing_Selenium_TestNg.AppTest" time="3.235" tests="3" errors="0" skipped="2" failures="1">
  <properties>
[...]
</properties>
  <testcase name="beforeTest" classname="ai.iamneo.testing.Testing_Selenium_TestNg.AppTest" time="2.846">
    <failure message="unknown error: cannot find Chrome binary&#10;Build info: version: &apos;3.141.59&apos;, revision: &apos;e82be7d358&apos;, time: &apos;2018-11-14T08:17:03&apos;&#10;System info: host: &apos;bbbaafeecafddfddddfcafbccaefccb-0&apos;, ip: &apos;10.56.102.3&apos;, os.name: &apos;Linux&apos;, os.arch: &apos;amd64&apos;, os.version: &apos;5.10.162+&apos;, java.version: &apos;11.0.18&apos;&#10;Driver info: driver.version: ChromeDriver&#10;remote stacktrace: #0 0x5649abe114e3 &lt;unknown&gt;&#10;#1 0x5649abb40c76 &lt;unknown&gt;&#10;#2 0x5649abb67757 &lt;unknown&gt;&#10;#3 0x5649abb66029 &lt;unknown&gt;&#10;#4 0x5649abba4ccc &lt;unknown&gt;&#10;#5 0x5649abba447f &lt;unknown&gt;&#10;#6 0x5649abb9bde3 &lt;unknown&gt;&#10;#7 0x5649abb712dd &lt;unknown&gt;&#10;#8 0x5649abb7234e &lt;unknown&gt;&#10;#9 0x5649abdd13e4 &lt;unknown&gt;&#10;#10 0x5649abdd53d7 &lt;unknown&gt;&#10;#11 0x5649abddfb20 &lt;unknown&gt;&#10;#12 0x5649abdd6023 &lt;unknown&gt;&#10;#13 0x5649abda41aa &lt;unknown&gt;&#10;#14 0x5649abdfa6b8 &lt;unknown&gt;&#10;#15 0x5649abdfa847 &lt;unknown&gt;&#10;#16 0x5649abe0a243 &lt;unknown&gt;&#10;#17 0x7fd199678ea7 start_thread&#10;" type="org.openqa.selenium.WebDriverException"><![CDATA[org.openqa.selenium.WebDriverException: 
unknown error: cannot find Chrome binary
Build info: version: '3.141.59', revision: 'e82be7d358', time: '2018-11-14T08:17:03'
System info: host: 'bbbaafeecafddfddddfcafbccaefccb-0', ip: '10.56.102.3', os.name: 'Linux', os.arch: 'amd64', os.version: '5.10.162+', java.version: '11.0.18'
Driver info: driver.version: ChromeDriver
remote stacktrace: #0 0x5649abe114e3 <unknown>
#1 0x5649abb40c76 <unknown>
#2 0x5649abb67757 <unknown>
#3 0x5649abb66029 <unknown>
#4 0x5649abba4ccc <unknown>
#5 0x5649abba447f <unknown>
#6 0x5649abb9bde3 <unknown>
#7 0x5649abb712dd <unknown>
#8 0x5649abb7234e <unknown>
#9 0x5649abdd13e4 <unknown>
#10 0x5649abdd53d7 <unknown>
#11 0x5649abddfb20 <unknown>
#12 0x5649abdd6023 <unknown>
#13 0x5649abda41aa <unknown>
#14 0x5649abdfa6b8 <unknown>
#15 0x5649abdfa847 <unknown>
#16 0x5649abe0a243 <unknown>
#17 0x7fd199678ea7 start_thread

	at ai.iamneo.testing.Testing_Selenium_TestNg.AppTest.beforeTest(AppTest.java:25)
]]></failure>
    <system-err><![CDATA[SLF4J: Failed to load class "org.slf4j.impl.StaticLoggerBinder".
SLF4J: Defaulting to no-operation (NOP) logger implementation
SLF4J: See http://www.slf4j.org/codes.html#StaticLoggerBinder for further details.
Starting ChromeDriver 114.0.5735.90 (386bc09e8f4f2e025eddae123f36f6263096ae49-refs/branch-heads/5735@{#1052}) on port 15236
Only local connections are [1691491654.568][SEVERE]: bind() failed: Cannot assign requested address (99)
allowed.
Please see https://chromedriver.chromium.org/security-considerations for suggestions on keeping ChromeDriver safe.
ChromeDriver was started successfully.
]]></system-err>
  </testcase>
  <testcase name="Iamneo" classname="ai.iamneo.testing.Testing_Selenium_TestNg.AppTest" time="0">
    <skipped message="unknown error: cannot find Chrome binary&#10;Build info: version: &apos;3.141.59&apos;, revision: &apos;e82be7d358&apos;, time: &apos;2018-11-14T08:17:03&apos;&#10;System info: host: &apos;bbbaafeecafddfddddfcafbccaefccb-0&apos;, ip: &apos;10.56.102.3&apos;, os.name: &apos;Linux&apos;, os.arch: &apos;amd64&apos;, os.version: &apos;5.10.162+&apos;, java.version: &apos;11.0.18&apos;&#10;Driver info: driver.version: ChromeDriver&#10;remote stacktrace: #0 0x5649abe114e3 &lt;unknown&gt;&#10;#1 0x5649abb40c76 &lt;unknown&gt;&#10;#2 0x5649abb67757 &lt;unknown&gt;&#10;#3 0x5649abb66029 &lt;unknown&gt;&#10;#4 0x5649abba4ccc &lt;unknown&gt;&#10;#5 0x5649abba447f &lt;unknown&gt;&#10;#6 0x5649abb9bde3 &lt;unknown&gt;&#10;#7 0x5649abb712dd &lt;unknown&gt;&#10;#8 0x5649abb7234e &lt;unknown&gt;&#10;#9 0x5649abdd13e4 &lt;unknown&gt;&#10;#10 0x5649abdd53d7 &lt;unknown&gt;&#10;#11 0x5649abddfb20 &lt;unknown&gt;&#10;#12 0x5649abdd6023 &lt;unknown&gt;&#10;#13 0x5649abda41aa &lt;unknown&gt;&#10;#14 0x5649abdfa6b8 &lt;unknown&gt;&#10;#15 0x5649abdfa847 &lt;unknown&gt;&#10;#16 0x5649abe0a243 &lt;unknown&gt;&#10;#17 0x7fd199678ea7 start_thread&#10;"/>
  </testcase>
  <testcase name="NextPage" classname="ai.iamneo.testing.Testing_Selenium_TestNg.AppTest" time="0">
    <skipped message="unknown error: cannot find Chrome binary&#10;Build info: version: &apos;3.141.59&apos;, revision: &apos;e82be7d358&apos;, time: &apos;2018-11-14T08:17:03&apos;&#10;System info: host: &apos;bbbaafeecafddfddddfcafbccaefccb-0&apos;, ip: &apos;10.56.102.3&apos;, os.name: &apos;Linux&apos;, os.arch: &apos;amd64&apos;, os.version: &apos;5.10.162+&apos;, java.version: &apos;11.0.18&apos;&#10;Driver info: driver.version: ChromeDriver&#10;remote stacktrace: #0 0x5649abe114e3 &lt;unknown&gt;&#10;#1 0x5649abb40c76 &lt;unknown&gt;&#10;#2 0x5649abb67757 &lt;unknown&gt;&#10;#3 0x5649abb66029 &lt;unknown&gt;&#10;#4 0x5649abba4ccc &lt;unknown&gt;&#10;#5 0x5649abba447f &lt;unknown&gt;&#10;#6 0x5649abb9bde3 &lt;unknown&gt;&#10;#7 0x5649abb712dd &lt;unknown&gt;&#10;#8 0x5649abb7234e &lt;unknown&gt;&#10;#9 0x5649abdd13e4 &lt;unknown&gt;&#10;#10 0x5649abdd53d7 &lt;unknown&gt;&#10;#11 0x5649abddfb20 &lt;unknown&gt;&#10;#12 0x5649abdd6023 &lt;unknown&gt;&#10;#13 0x5649abda41aa &lt;unknown&gt;&#10;#14 0x5649abdfa6b8 &lt;unknown&gt;&#10;#15 0x5649abdfa847 &lt;unknown&gt;&#10;#16 0x5649abe0a243 &lt;unknown&gt;&#10;#17 0x7fd199678ea7 start_thread&#10;"/>
  </testcase>
</testsuite>