-------------------------------------------------------------------------------
Test set: TestSuite
-------------------------------------------------------------------------------
Tests run: 2, Failures: 2, Errors: 0, Skipped: 0, Time elapsed: 9.891 s <<< FAILURE! - in TestSuite
ai.iamneo.testing.Testing_Selenium_TestNg.AppTest.NextPage  Time elapsed: 3.885 s  <<< FAILURE!
org.openqa.selenium.WebDriverException: 
unknown error: session deleted because of page crash
from unknown error: cannot determine loading status
from tab crashed
  (Session info: chrome=114.0.5735.133)
Build info: version: '4.1.0', revision: '87802e897b'
System info: host: 'bbbaafeecafddfddddfcafbccaefccb-0', ip: '10.56.102.3', os.name: 'Linux', os.arch: 'amd64', os.version: '5.10.162+', java.version: '11.0.18'
Driver info: org.openqa.selenium.remote.RemoteWebDriver
Command: [4d90a52c385b6fe1a8c27b4313e40d18, get {url=https://www.flipkart.com}]
Capabilities {acceptInsecureCerts: false, browserName: chrome, browserVersion: 114.0.5735.133, chrome: {chromedriverVersion: 114.0.5735.90 (386bc09e8f4f..., userDataDir: /tmp/.com.google.Chrome.uG3Ll2}, goog:chromeOptions: {debuggerAddress: localhost:36031}, javascriptEnabled: true, networkConnectionEnabled: false, pageLoadStrategy: normal, platform: LINUX, platformName: LINUX, proxy: Proxy(), se:bidiEnabled: false, se:cdp: ws://10.56.102.3:4444/sessi..., se:cdpVersion: 114.0.5735.133, se:vnc: ws://10.56.102.3:4444/sessi..., se:vncEnabled: true, se:vncLocalAddress: ws://10.56.102.3:7900, setWindowRect: true, strictFileInteractability: false, timeouts: {implicit: 0, pageLoad: 300000, script: 30000}, unhandledPromptBehavior: dismiss and notify, webauthn:extension:credBlob: true, webauthn:extension:largeBlob: true, webauthn:extension:minPinLength: true, webauthn:extension:prf: true, webauthn:virtualAuthenticators: true}
Session ID: 4d90a52c385b6fe1a8c27b4313e40d18
	at ai.iamneo.testing.Testing_Selenium_TestNg.AppTest.NextPage(AppTest.java:38)

ai.iamneo.testing.Testing_Selenium_TestNg.AppTest.iamNeo  Time elapsed: 0.026 s  <<< FAILURE!
org.openqa.selenium.NoSuchSessionException: 
invalid session id
Build info: version: '4.1.0', revision: '87802e897b'
System info: host: 'bbbaafeecafddfddddfcafbccaefccb-0', ip: '10.56.102.3', os.name: 'Linux', os.arch: 'amd64', os.version: '5.10.162+', java.version: '11.0.18'
Driver info: org.openqa.selenium.remote.RemoteWebDriver
Command: [4d90a52c385b6fe1a8c27b4313e40d18, get {url=https://iamneo.ai/careers/}]
Capabilities {acceptInsecureCerts: false, browserName: chrome, browserVersion: 114.0.5735.133, chrome: {chromedriverVersion: 114.0.5735.90 (386bc09e8f4f..., userDataDir: /tmp/.com.google.Chrome.uG3Ll2}, goog:chromeOptions: {debuggerAddress: localhost:36031}, javascriptEnabled: true, networkConnectionEnabled: false, pageLoadStrategy: normal, platform: LINUX, platformName: LINUX, proxy: Proxy(), se:bidiEnabled: false, se:cdp: ws://10.56.102.3:4444/sessi..., se:cdpVersion: 114.0.5735.133, se:vnc: ws://10.56.102.3:4444/sessi..., se:vncEnabled: true, se:vncLocalAddress: ws://10.56.102.3:7900, setWindowRect: true, strictFileInteractability: false, timeouts: {implicit: 0, pageLoad: 300000, script: 30000}, unhandledPromptBehavior: dismiss and notify, webauthn:extension:credBlob: true, webauthn:extension:largeBlob: true, webauthn:extension:minPinLength: true, webauthn:extension:prf: true, webauthn:virtualAuthenticators: true}
Session ID: 4d90a52c385b6fe1a8c27b4313e40d18
	at ai.iamneo.testing.Testing_Selenium_TestNg.AppTest.iamNeo(AppTest.java:30)

