<?xml version="1.0" encoding="UTF-8"?>
<testsuite xmlns:xsi="http://www.w3.org/2001/XMLSchema-instance" xsi:noNamespaceSchemaLocation="https://maven.apache.org/surefire/maven-surefire-plugin/xsd/surefire-test-report.xsd" name="ai.iamneo.testing.Testing_Selenium_TestNg.AppTest" time="10.299" tests="2" errors="0" skipped="0" failures="1">
  <properties>
[...]
</properties>
  <testcase name="NextPage" classname="ai.iamneo.testing.Testing_Selenium_TestNg.AppTest" time="2.278"/>
  <testcase name="iamNeo" classname="ai.iamneo.testing.Testing_Selenium_TestNg.AppTest" time="2.526">
    <failure message="no such element: Unable to locate element: {&quot;method&quot;:&quot;xpath&quot;,&quot;selector&quot;:&quot;//*[@id=&quot;container&quot;]/div/div[1]/div/div/div/div/div[1]/div/div[1]/div/div[1]/header/div[2]/div[2]/div/div/div&quot;}&#10;  (Session info: chrome=114.0.5735.133)&#10;For documentation on this error, please visit: https://www.seleniumhq.org/exceptions/no_such_element.html&#10;Build info: version: &apos;3.141.59&apos;, revision: &apos;e82be7d358&apos;, time: &apos;2018-11-14T08:17:03&apos;&#10;System info: host: &apos;bbbaafeecafddfddddfcafbccaefccb-0&apos;, ip: &apos;10.56.102.3&apos;, os.name: &apos;Linux&apos;, os.arch: &apos;amd64&apos;, os.version: &apos;5.10.162+&apos;, java.version: &apos;11.0.18&apos;&#10;Driver info: org.openqa.selenium.remote.RemoteWebDriver&#10;Capabilities {acceptInsecureCerts: false, browserName: chrome, browserVersion: 114.0.5735.133, chrome: {chromedriverVersion: 114.0.5735.90 (386bc09e8f4f..., userDataDir: /tmp/.com.google.Chrome.hNMdto}, goog:chromeOptions: {debuggerAddress: localhost:37413}, javascriptEnabled: true, networkConnectionEnabled: false, pageLoadStrategy: normal, platform: LINUX, platformName: LINUX, proxy: Proxy(), se:bidiEnabled: false, se:cdp: ws://10.56.102.3:4444/sessi..., se:cdpVersion: 114.0.5735.133, se:vnc: ws://10.56.102.3:4444/sessi..., se:vncEnabled: true, se:vncLocalAddress: ws://10.56.102.3:7900, setWindowRect: true, strictFileInteractability: false, timeouts: {implicit: 0, pageLoad: 300000, script: 30000}, unhandledPromptBehavior: dismiss and notify, webauthn:extension:credBlob: true, webauthn:extension:largeBlob: true, webauthn:extension:minPinLength: true, webauthn:extension:prf: true, webauthn:virtualAuthenticators: true}&#10;Session ID: 878257dfffbe03789b681eb255ddf43c&#10;*** Element info: {Using=xpath, value=//*[@id=&quot;container&quot;]/div/div[1]/div/div/div/div/div[1]/div/div[1]/div/div[1]/header/div[2]/div[2]/div/div/div}" type="org.openqa.selenium.NoSuchElementException">org.openqa.selenium.NoSuchElementException: 
no such element: Unable to locate element: {"method":"xpath","selector":"//*[@id="container"]/div/div[1]/div/div/div/div/div[1]/div/div[1]/div/div[1]/header/div[2]/div[2]/div/div/div"}
  (Session info: chrome=114.0.5735.133)
For documentation on this error, please visit: https://www.seleniumhq.org/exceptions/no_such_element.html
Build info: version: '3.141.59', revision: 'e82be7d358', time: '2018-11-14T08:17:03'
System info: host: 'bbbaafeecafddfddddfcafbccaefccb-0', ip: '10.56.102.3', os.name: 'Linux', os.arch: 'amd64', os.version: '5.10.162+', java.version: '11.0.18'
Driver info: org.openqa.selenium.remote.RemoteWebDriver
Capabilities {acceptInsecureCerts: false, browserName: chrome, browserVersion: 114.0.5735.133, chrome: {chromedriverVersion: 114.0.5735.90 (386bc09e8f4f..., userDataDir: /tmp/.com.google.Chrome.hNMdto}, goog:chromeOptions: {debuggerAddress: localhost:37413}, javascriptEnabled: true, networkConnectionEnabled: false, pageLoadStrategy: normal, platform: LINUX, platformName: LINUX, proxy: Proxy(), se:bidiEnabled: false, se:cdp: ws://10.56.102.3:4444/sessi..., se:cdpVersion: 114.0.5735.133, se:vnc: ws://10.56.102.3:4444/sessi..., se:vncEnabled: true, se:vncLocalAddress: ws://10.56.102.3:7900, setWindowRect: true, strictFileInteractability: false, timeouts: {implicit: 0, pageLoad: 300000, script: 30000}, unhandledPromptBehavior: dismiss and notify, webauthn:extension:credBlob: true, webauthn:extension:largeBlob: true, webauthn:extension:minPinLength: true, webauthn:extension:prf: true, webauthn:virtualAuthenticators: true}
Session ID: 878257dfffbe03789b681eb255ddf43c
*** Element info: {Using=xpath, value=//*[@id="container"]/div/div[1]/div/div/div/div/div[1]/div/div[1]/div/div[1]/header/div[2]/div[2]/div/div/div}
	at ai.iamneo.testing.Testing_Selenium_TestNg.AppTest.iamNeo(AppTest.java:31)
</failure>
  </testcase>
</testsuite>