<?xml version="1.0" encoding="UTF-8"?>
<!-- Generated by org.testng.reporters.JUnitXMLReporter -->
<testsuite ignored="0" hostname="MR-Praveen" failures="0" tests="2" name="Test" time="88.295" errors="0" timestamp="2023-08-08T13:34:47 IST">
  <testcase classname="ai.iamneo.testing.Testing_Selenium_TestNg.AppTest" name="@BeforeTest beforeTest" time="88.238">
    <failure type="org.openqa.selenium.remote.http.ConnectionFailedException" message="Unable to establish websocket connection to http://localhost:50754/devtools/browser/90600d86-5cdc-4a34-8313-c685ce80e321
Build info: version: &amp;apos;4.1.0&amp;apos;, revision: &amp;apos;87802e897b&amp;apos;
System info: host: &amp;apos;MR-PRAVEEN&amp;apos;, ip: &amp;apos;172.20.10.5&amp;apos;, os.name: &amp;apos;Windows 10&amp;apos;, os.arch: &amp;apos;amd64&amp;apos;, os.version: &amp;apos;10.0&amp;apos;, java.version: &amp;apos;18.0.2.1&amp;apos;
Driver info: driver.version: ChromeDriver">
      <![CDATA[org.openqa.selenium.remote.http.ConnectionFailedException: Unable to establish websocket connection to http://localhost:50754/devtools/browser/90600d86-5cdc-4a34-8313-c685ce80e321
Build info: version: '4.1.0', revision: '87802e897b'
System info: host: 'MR-PRAVEEN', ip: '172.20.10.5', os.name: 'Windows 10', os.arch: 'amd64', os.version: '10.0', java.version: '18.0.2.1'
Driver info: driver.version: ChromeDriver
at org.openqa.selenium.remote.http.netty.NettyWebSocket.<init>(NettyWebSocket.java:104)
at org.openqa.selenium.remote.http.netty.NettyWebSocket.lambda$create$3(NettyWebSocket.java:137)
at org.openqa.selenium.remote.http.netty.NettyClient.openSocket(NettyClient.java:116)
at org.openqa.selenium.devtools.Connection.<init>(Connection.java:77)
at org.openqa.selenium.chromium.ChromiumDriver.lambda$new$2(ChromiumDriver.java:124)
at java.base/java.util.Optional.map(Optional.java:260)
at org.openqa.selenium.chromium.ChromiumDriver.<init>(ChromiumDriver.java:122)
at org.openqa.selenium.chrome.ChromeDriver.<init>(ChromeDriver.java:104)
at org.openqa.selenium.chrome.ChromeDriver.<init>(ChromeDriver.java:91)
at org.openqa.selenium.chrome.ChromeDriver.<init>(ChromeDriver.java:46)
at ai.iamneo.testing.Testing_Selenium_TestNg.AppTest.beforeTest(AppTest.java:25)
... Removed 26 stack frames]]>
    </failure>
  </testcase> <!-- @BeforeTest beforeTest -->
  <testcase classname="ai.iamneo.testing.Testing_Selenium_TestNg.AppTest" name="Iamneo" time="0.0">
    <skipped/>
  </testcase> <!-- Iamneo -->
  <testcase classname="ai.iamneo.testing.Testing_Selenium_TestNg.AppTest" name="NextPage" time="0.0">
    <skipped/>
  </testcase> <!-- NextPage -->
</testsuite> <!-- Test -->
